<?xml version="1.0" encoding="UTF-8"?>
<!-- Generated by org.testng.reporters.JUnitReportReporter -->
<testsuite hostname="DESKTOP-M9EPBLV" failures="0" tests="1" name="testCases.TC002_LoginTest" time="10.727" errors="0" timestamp="2025-03-19T03:22:28 IST" skipped="0">
  <testcase classname="testCases.TC002_LoginTest" name="verify_login" time="10.727"/>
</testsuite> <!-- testCases.TC002_LoginTest -->
